<?xml version="1.0" encoding="UTF-8"?>
<testng-results ignored="0" total="2" passed="2" failed="0" skipped="0">
  <reporter-output>
  </reporter-output>
  <suite started-at="2026-06-26T18:23:22 BST" name="Suite" finished-at="2026-06-26T18:23:30 BST" duration-ms="8703">
    <groups>
      <group name="Master">
        <method signature="TC_AccountLoginTest.verifyLoginFunctionality()[pri:0, instance:testCases.TC_AccountLoginTest@e57b96d]" name="verifyLoginFunctionality" class="testCases.TC_AccountLoginTest"/>
        <method signature="TC_AccountRegistrationTest.verifyAccountRegistration()[pri:0, instance:testCases.TC_AccountRegistrationTest@4f5991f6]" name="verifyAccountRegistration" class="testCases.TC_AccountRegistrationTest"/>
      </group> <!-- Master -->
      <group name="Sanity">
        <method signature="TC_AccountRegistrationTest.verifyAccountRegistration()[pri:0, instance:testCases.TC_AccountRegistrationTest@4f5991f6]" name="verifyAccountRegistration" class="testCases.TC_AccountRegistrationTest"/>
      </group> <!-- Sanity -->
      <group name="Regression">
        <method signature="TC_AccountLoginTest.verifyLoginFunctionality()[pri:0, instance:testCases.TC_AccountLoginTest@e57b96d]" name="verifyLoginFunctionality" class="testCases.TC_AccountLoginTest"/>
      </group> <!-- Regression -->
    </groups>
    <test started-at="2026-06-26T18:23:22 BST" name="Test" finished-at="2026-06-26T18:23:30 BST" duration-ms="8703">
      <class name="testCases.TC_AccountRegistrationTest">
        <test-method is-config="true" signature="setUp(java.lang.String,java.lang.String)[pri:0, instance:testCases.TC_AccountRegistrationTest@4f5991f6]" started-at="2026-06-26T18:23:22 BST" name="setUp" finished-at="2026-06-26T18:23:24 BST" duration-ms="2291" status="PASS">
          <params>
            <param index="0">
              <value>
                <![CDATA[chrome]]>
              </value>
            </param>
            <param index="1">
              <value>
                <![CDATA[windows]]>
              </value>
            </param>
          </params>
          <reporter-output>
          </reporter-output>
        </test-method> <!-- setUp -->
        <test-method signature="verifyAccountRegistration()[pri:0, instance:testCases.TC_AccountRegistrationTest@4f5991f6]" started-at="2026-06-26T18:23:24 BST" name="verifyAccountRegistration" finished-at="2026-06-26T18:23:26 BST" duration-ms="2184" status="PASS">
          <reporter-output>
          </reporter-output>
        </test-method> <!-- verifyAccountRegistration -->
        <test-method is-config="true" signature="tearDown()[pri:0, instance:testCases.TC_AccountRegistrationTest@4f5991f6]" started-at="2026-06-26T18:23:26 BST" name="tearDown" finished-at="2026-06-26T18:23:26 BST" duration-ms="223" status="PASS">
          <reporter-output>
          </reporter-output>
        </test-method> <!-- tearDown -->
      </class> <!-- testCases.TC_AccountRegistrationTest -->
      <class name="testCases.TC_AccountLoginTest">
        <test-method is-config="true" signature="setUp(java.lang.String,java.lang.String)[pri:0, instance:testCases.TC_AccountLoginTest@e57b96d]" started-at="2026-06-26T18:23:26 BST" name="setUp" finished-at="2026-06-26T18:23:29 BST" duration-ms="2084" status="PASS">
          <params>
            <param index="0">
              <value>
                <![CDATA[chrome]]>
              </value>
            </param>
            <param index="1">
              <value>
                <![CDATA[windows]]>
              </value>
            </param>
          </params>
          <reporter-output>
          </reporter-output>
        </test-method> <!-- setUp -->
        <test-method signature="verifyLoginFunctionality()[pri:0, instance:testCases.TC_AccountLoginTest@e57b96d]" started-at="2026-06-26T18:23:29 BST" name="verifyLoginFunctionality" finished-at="2026-06-26T18:23:30 BST" duration-ms="1510" status="PASS">
          <reporter-output>
          </reporter-output>
        </test-method> <!-- verifyLoginFunctionality -->
        <test-method is-config="true" signature="tearDown()[pri:0, instance:testCases.TC_AccountLoginTest@e57b96d]" started-at="2026-06-26T18:23:30 BST" name="tearDown" finished-at="2026-06-26T18:23:30 BST" duration-ms="185" status="PASS">
          <reporter-output>
          </reporter-output>
        </test-method> <!-- tearDown -->
      </class> <!-- testCases.TC_AccountLoginTest -->
    </test> <!-- Test -->
  </suite> <!-- Suite -->
</testng-results>
