<?xml version="1.0" encoding="UTF-8"?>
<testng-results ignored="0" total="2" passed="2" failed="0" skipped="0">
  <reporter-output>
  </reporter-output>
  <suite started-at="2026-06-26T16:22:48 BST" name="Suite" finished-at="2026-06-26T16:22:56 BST" duration-ms="8031">
    <groups>
      <group name="Master">
        <method signature="TC_AccountLoginTest.verifyLoginFunctionality()[pri:0, instance:testCases.TC_AccountLoginTest@4f25b795]" name="verifyLoginFunctionality" class="testCases.TC_AccountLoginTest"/>
        <method signature="TC_AccountRegistrationTest.verifyAccountRegistration()[pri:0, instance:testCases.TC_AccountRegistrationTest@3e7dd664]" name="verifyAccountRegistration" class="testCases.TC_AccountRegistrationTest"/>
      </group> <!-- Master -->
      <group name="Sanity">
        <method signature="TC_AccountRegistrationTest.verifyAccountRegistration()[pri:0, instance:testCases.TC_AccountRegistrationTest@3e7dd664]" name="verifyAccountRegistration" class="testCases.TC_AccountRegistrationTest"/>
      </group> <!-- Sanity -->
      <group name="Regression">
        <method signature="TC_AccountLoginTest.verifyLoginFunctionality()[pri:0, instance:testCases.TC_AccountLoginTest@4f25b795]" name="verifyLoginFunctionality" class="testCases.TC_AccountLoginTest"/>
      </group> <!-- Regression -->
    </groups>
    <test started-at="2026-06-26T16:22:48 BST" name="Test" finished-at="2026-06-26T16:22:56 BST" duration-ms="8031">
      <class name="testCases.TC_AccountRegistrationTest">
        <test-method is-config="true" signature="setUp(java.lang.String,java.lang.String)[pri:0, instance:testCases.TC_AccountRegistrationTest@3e7dd664]" started-at="2026-06-26T16:22:48 BST" name="setUp" finished-at="2026-06-26T16:22:50 BST" duration-ms="2158" status="PASS">
          <params>
            <param index="0">
              <value>
                <![CDATA[chrome]]>
              </value>
            </param>
            <param index="1">
              <value>
                <![CDATA[windows]]>
              </value>
            </param>
          </params>
          <reporter-output>
          </reporter-output>
        </test-method> <!-- setUp -->
        <test-method signature="verifyAccountRegistration()[pri:0, instance:testCases.TC_AccountRegistrationTest@3e7dd664]" started-at="2026-06-26T16:22:50 BST" name="verifyAccountRegistration" finished-at="2026-06-26T16:22:52 BST" duration-ms="2104" status="PASS">
          <reporter-output>
          </reporter-output>
        </test-method> <!-- verifyAccountRegistration -->
        <test-method is-config="true" signature="tearDown()[pri:0, instance:testCases.TC_AccountRegistrationTest@3e7dd664]" started-at="2026-06-26T16:22:52 BST" name="tearDown" finished-at="2026-06-26T16:22:52 BST" duration-ms="234" status="PASS">
          <reporter-output>
          </reporter-output>
        </test-method> <!-- tearDown -->
      </class> <!-- testCases.TC_AccountRegistrationTest -->
      <class name="testCases.TC_AccountLoginTest">
        <test-method is-config="true" signature="setUp(java.lang.String,java.lang.String)[pri:0, instance:testCases.TC_AccountLoginTest@4f25b795]" started-at="2026-06-26T16:22:52 BST" name="setUp" finished-at="2026-06-26T16:22:54 BST" duration-ms="1778" status="PASS">
          <params>
            <param index="0">
              <value>
                <![CDATA[chrome]]>
              </value>
            </param>
            <param index="1">
              <value>
                <![CDATA[windows]]>
              </value>
            </param>
          </params>
          <reporter-output>
          </reporter-output>
        </test-method> <!-- setUp -->
        <test-method signature="verifyLoginFunctionality()[pri:0, instance:testCases.TC_AccountLoginTest@4f25b795]" started-at="2026-06-26T16:22:54 BST" name="verifyLoginFunctionality" finished-at="2026-06-26T16:22:55 BST" duration-ms="1325" status="PASS">
          <reporter-output>
          </reporter-output>
        </test-method> <!-- verifyLoginFunctionality -->
        <test-method is-config="true" signature="tearDown()[pri:0, instance:testCases.TC_AccountLoginTest@4f25b795]" started-at="2026-06-26T16:22:55 BST" name="tearDown" finished-at="2026-06-26T16:22:56 BST" duration-ms="224" status="PASS">
          <reporter-output>
          </reporter-output>
        </test-method> <!-- tearDown -->
      </class> <!-- testCases.TC_AccountLoginTest -->
    </test> <!-- Test -->
  </suite> <!-- Suite -->
</testng-results>
